2016-08-22 04:07:09,404 - Velocimacro : added #append(  members parameters ) : source = column.vm
2016-08-22 04:07:09,407 - ResourceManager : found column.vm with loader org.apache.velocity.runtime.resource.loader.FileResourceLoader
2016-08-22 04:07:09,408 - ResourceManager : found manyToOne.vm with loader org.apache.velocity.runtime.resource.loader.FileResourceLoader
2016-08-22 04:07:09,409 - Velocimacro : added #joinColumn(  column referencedColumn ) : source = join.vm
2016-08-22 04:07:09,411 - ResourceManager : found join.vm with loader org.apache.velocity.runtime.resource.loader.FileResourceLoader
2016-08-22 04:07:09,414 - ResourceManager : found manyToOne.vm with loader org.apache.velocity.runtime.resource.loader.FileResourceLoader
2016-08-22 04:07:09,415 - Velocimacro : VM addition rejected : joinColumn : inline not allowed to replace existing VM
2016-08-22 04:07:09,415 - Failed to add macro: #joinColumn(  column referencedColumn ) : source = join.vm
2016-08-22 04:07:09,417 - ResourceManager : found join.vm with loader org.apache.velocity.runtime.resource.loader.FileResourceLoader
2016-08-22 04:07:09,424 - ResourceManager : found pk.java.vm with loader org.apache.velocity.runtime.resource.loader.FileResourceLoader
2016-08-22 04:07:09,424 - Velocimacro : VM addition rejected : append : inline not allowed to replace existing VM
2016-08-22 04:07:09,424 - Failed to add macro: #append(  members parameters ) : source = column.vm
2016-08-22 04:07:09,425 - ResourceManager : found column.vm with loader org.apache.velocity.runtime.resource.loader.FileResourceLoader
2016-08-22 04:07:09,426 - Velocimacro : VM addition rejected : append : inline not allowed to replace existing VM
2016-08-22 04:07:09,426 - Failed to add macro: #append(  members parameters ) : source = column.vm
2016-08-22 04:07:09,427 - ResourceManager : found column.vm with loader org.apache.velocity.runtime.resource.loader.FileResourceLoader
2016-08-22 04:07:09,438 - Log4JLogChute initialized using file 'velocity.log'
2016-08-22 04:07:09,438 - Starting Apache Velocity v1.5 (compiled: 2007-02-22 08:52:29)
2016-08-22 04:07:09,438 - Default Properties File: org\apache\velocity\runtime\defaults\velocity.properties
2016-08-22 04:07:09,438 - Trying to use logger class org.apache.velocity.runtime.log.AvalonLogChute
2016-08-22 04:07:09,438 - Couldn't find class org.apache.velocity.runtime.log.AvalonLogChute or necessary supporting classes in classpath.
java.lang.NoClassDefFoundError: org/apache/log/format/Formatter
	at java.lang.Class.forName0(Native Method)
	at java.lang.Class.forName(Unknown Source)
	at org.apache.velocity.util.ClassUtils.getClass(ClassUtils.java:63)
	at org.apache.velocity.util.ClassUtils.getNewInstance(ClassUtils.java:95)
	at org.apache.velocity.runtime.log.LogManager.createLogChute(LogManager.java:147)
	at org.apache.velocity.runtime.log.LogManager.updateLog(LogManager.java:208)
	at org.apache.velocity.runtime.RuntimeInstance.initializeLog(RuntimeInstance.java:728)
	at org.apache.velocity.runtime.RuntimeInstance.init(RuntimeInstance.java:240)
	at org.apache.velocity.runtime.RuntimeInstance.init(RuntimeInstance.java:534)
	at org.apache.velocity.app.VelocityEngine.init(VelocityEngine.java:144)
	at org.eclipse.jpt.jpa.gen.internal.PackageGenerator.generateClass(PackageGenerator.java:303)
	at org.eclipse.jpt.jpa.gen.internal.PackageGenerator.generateInternal(PackageGenerator.java:132)
	at org.eclipse.jpt.jpa.gen.internal.PackageGenerator.doGenerate(PackageGenerator.java:106)
	at org.eclipse.jpt.jpa.gen.internal.PackageGenerator.generate(PackageGenerator.java:82)
	at org.eclipse.jpt.jpa.ui.internal.wizards.gen.GenerateEntitiesFromSchemaWizard$GenerateEntitiesJob.runInWorkspace(GenerateEntitiesFromSchemaWizard.java:285)
	at org.eclipse.core.internal.resources.InternalWorkspaceJob.run(InternalWorkspaceJob.java:39)
	at org.eclipse.core.internal.jobs.Worker.run(Worker.java:55)
Caused by: java.lang.ClassNotFoundException: org.apache.log.format.Formatter cannot be found by org.apache.velocity_1.5.0.v200905192330
	at org.eclipse.osgi.internal.loader.BundleLoader.findClassInternal(BundleLoader.java:439)
	at org.eclipse.osgi.internal.loader.BundleLoader.findClass(BundleLoader.java:352)
	at org.eclipse.osgi.internal.loader.BundleLoader.findClass(BundleLoader.java:344)
	at org.eclipse.osgi.internal.loader.ModuleClassLoader.loadClass(ModuleClassLoader.java:160)
	at java.lang.ClassLoader.loadClass(Unknown Source)
	... 17 more
2016-08-22 04:07:09,438 - Trying to use logger class org.apache.velocity.runtime.log.Log4JLogChute
2016-08-22 04:07:09,438 - Using logger class org.apache.velocity.runtime.log.Log4JLogChute
2016-08-22 04:07:09,438 - Default ResourceManager initializing. (class org.apache.velocity.runtime.resource.ResourceManagerImpl)
2016-08-22 04:07:09,438 - ResourceLoader instantiated: org.apache.velocity.runtime.resource.loader.FileResourceLoader
2016-08-22 04:07:09,438 - Do unicode file recognition:  false
2016-08-22 04:07:09,438 - FileResourceLoader : adding path 'C:\Users\geoth_000\Downloads\eclipse-jee-mars-2-win32-x86_64\eclipse\configuration\org.eclipse.jpt.jpa.gen\templates\entities'
2016-08-22 04:07:09,439 - ResourceCache: initialized (class org.apache.velocity.runtime.resource.ResourceCacheImpl)
2016-08-22 04:07:09,439 - Loaded System Directive: org.apache.velocity.runtime.directive.Literal
2016-08-22 04:07:09,439 - Loaded System Directive: org.apache.velocity.runtime.directive.Macro
2016-08-22 04:07:09,439 - Loaded System Directive: org.apache.velocity.runtime.directive.Parse
2016-08-22 04:07:09,439 - Loaded System Directive: org.apache.velocity.runtime.directive.Include
2016-08-22 04:07:09,439 - Loaded System Directive: org.apache.velocity.runtime.directive.Foreach
2016-08-22 04:07:09,439 - Created '20' parsers.
2016-08-22 04:07:09,439 - Velocimacro : "velocimacro.library" is not set.  Trying default library: VM_global_library.vm
2016-08-22 04:07:09,440 - Velocimacro : Default library not found.
2016-08-22 04:07:09,440 - Velocimacro : allowInline = true : VMs can be defined inline in templates
2016-08-22 04:07:09,440 - Velocimacro : allowInlineToOverride = false : VMs defined inline may NOT replace previous VM definitions
2016-08-22 04:07:09,440 - Velocimacro : allowInlineLocal = false : VMs defined inline will be global in scope if allowed.
2016-08-22 04:07:09,440 - Velocimacro : autoload off : VM system will not automatically reload global library macros
2016-08-22 04:07:09,440 - ResourceManager : found main.java.vm with loader org.apache.velocity.runtime.resource.loader.FileResourceLoader
2016-08-22 04:07:09,441 - ResourceManager : found mappingKind.vm with loader org.apache.velocity.runtime.resource.loader.FileResourceLoader
2016-08-22 04:07:09,442 - Velocimacro : added #append(  members parameters ) : source = column.vm
2016-08-22 04:07:09,442 - ResourceManager : found column.vm with loader org.apache.velocity.runtime.resource.loader.FileResourceLoader
2016-08-22 04:07:09,443 - ResourceManager : found manyToMany.vm with loader org.apache.velocity.runtime.resource.loader.FileResourceLoader
2016-08-22 04:07:09,458 - Log4JLogChute initialized using file 'velocity.log'
2016-08-22 04:07:09,458 - Starting Apache Velocity v1.5 (compiled: 2007-02-22 08:52:29)
2016-08-22 04:07:09,458 - Default Properties File: org\apache\velocity\runtime\defaults\velocity.properties
2016-08-22 04:07:09,458 - Trying to use logger class org.apache.velocity.runtime.log.AvalonLogChute
2016-08-22 04:07:09,458 - Couldn't find class org.apache.velocity.runtime.log.AvalonLogChute or necessary supporting classes in classpath.
java.lang.NoClassDefFoundError: org/apache/log/format/Formatter
	at java.lang.Class.forName0(Native Method)
	at java.lang.Class.forName(Unknown Source)
	at org.apache.velocity.util.ClassUtils.getClass(ClassUtils.java:63)
	at org.apache.velocity.util.ClassUtils.getNewInstance(ClassUtils.java:95)
	at org.apache.velocity.runtime.log.LogManager.createLogChute(LogManager.java:147)
	at org.apache.velocity.runtime.log.LogManager.updateLog(LogManager.java:208)
	at org.apache.velocity.runtime.RuntimeInstance.initializeLog(RuntimeInstance.java:728)
	at org.apache.velocity.runtime.RuntimeInstance.init(RuntimeInstance.java:240)
	at org.apache.velocity.runtime.RuntimeInstance.init(RuntimeInstance.java:534)
	at org.apache.velocity.app.VelocityEngine.init(VelocityEngine.java:144)
	at org.eclipse.jpt.jpa.gen.internal.PackageGenerator.generateClass(PackageGenerator.java:303)
	at org.eclipse.jpt.jpa.gen.internal.PackageGenerator.generateInternal(PackageGenerator.java:132)
	at org.eclipse.jpt.jpa.gen.internal.PackageGenerator.doGenerate(PackageGenerator.java:106)
	at org.eclipse.jpt.jpa.gen.internal.PackageGenerator.generate(PackageGenerator.java:82)
	at org.eclipse.jpt.jpa.ui.internal.wizards.gen.GenerateEntitiesFromSchemaWizard$GenerateEntitiesJob.runInWorkspace(GenerateEntitiesFromSchemaWizard.java:285)
	at org.eclipse.core.internal.resources.InternalWorkspaceJob.run(InternalWorkspaceJob.java:39)
	at org.eclipse.core.internal.jobs.Worker.run(Worker.java:55)
Caused by: java.lang.ClassNotFoundException: org.apache.log.format.Formatter cannot be found by org.apache.velocity_1.5.0.v200905192330
	at org.eclipse.osgi.internal.loader.BundleLoader.findClassInternal(BundleLoader.java:439)
	at org.eclipse.osgi.internal.loader.BundleLoader.findClass(BundleLoader.java:352)
	at org.eclipse.osgi.internal.loader.BundleLoader.findClass(BundleLoader.java:344)
	at org.eclipse.osgi.internal.loader.ModuleClassLoader.loadClass(ModuleClassLoader.java:160)
	at java.lang.ClassLoader.loadClass(Unknown Source)
	... 17 more
2016-08-22 04:07:09,459 - Trying to use logger class org.apache.velocity.runtime.log.Log4JLogChute
2016-08-22 04:07:09,459 - Using logger class org.apache.velocity.runtime.log.Log4JLogChute
2016-08-22 04:07:09,460 - Default ResourceManager initializing. (class org.apache.velocity.runtime.resource.ResourceManagerImpl)
2016-08-22 04:07:09,460 - ResourceLoader instantiated: org.apache.velocity.runtime.resource.loader.FileResourceLoader
2016-08-22 04:07:09,460 - Do unicode file recognition:  false
2016-08-22 04:07:09,460 - FileResourceLoader : adding path 'C:\Users\geoth_000\Downloads\eclipse-jee-mars-2-win32-x86_64\eclipse\configuration\org.eclipse.jpt.jpa.gen\templates\entities'
2016-08-22 04:07:09,460 - ResourceCache: initialized (class org.apache.velocity.runtime.resource.ResourceCacheImpl)
2016-08-22 04:07:09,461 - Loaded System Directive: org.apache.velocity.runtime.directive.Literal
2016-08-22 04:07:09,461 - Loaded System Directive: org.apache.velocity.runtime.directive.Macro
2016-08-22 04:07:09,461 - Loaded System Directive: org.apache.velocity.runtime.directive.Parse
2016-08-22 04:07:09,461 - Loaded System Directive: org.apache.velocity.runtime.directive.Include
2016-08-22 04:07:09,461 - Loaded System Directive: org.apache.velocity.runtime.directive.Foreach
2016-08-22 04:07:09,461 - Created '20' parsers.
2016-08-22 04:07:09,462 - Velocimacro : "velocimacro.library" is not set.  Trying default library: VM_global_library.vm
2016-08-22 04:07:09,462 - Velocimacro : Default library not found.
2016-08-22 04:07:09,463 - Velocimacro : allowInline = true : VMs can be defined inline in templates
2016-08-22 04:07:09,463 - Velocimacro : allowInlineToOverride = false : VMs defined inline may NOT replace previous VM definitions
2016-08-22 04:07:09,463 - Velocimacro : allowInlineLocal = false : VMs defined inline will be global in scope if allowed.
2016-08-22 04:07:09,463 - Velocimacro : autoload off : VM system will not automatically reload global library macros
2016-08-22 04:07:09,463 - ResourceManager : found main.java.vm with loader org.apache.velocity.runtime.resource.loader.FileResourceLoader
2016-08-22 04:07:09,466 - ResourceManager : found mappingKind.vm with loader org.apache.velocity.runtime.resource.loader.FileResourceLoader
2016-08-22 04:07:09,467 - Velocimacro : added #append(  members parameters ) : source = column.vm
2016-08-22 04:07:09,468 - ResourceManager : found column.vm with loader org.apache.velocity.runtime.resource.loader.FileResourceLoader
2016-08-22 04:07:09,469 - ResourceManager : found mappingKind.vm with loader org.apache.velocity.runtime.resource.loader.FileResourceLoader
2016-08-22 04:07:09,469 - Velocimacro : VM addition rejected : append : inline not allowed to replace existing VM
2016-08-22 04:07:09,469 - Failed to add macro: #append(  members parameters ) : source = column.vm
2016-08-22 04:07:09,471 - ResourceManager : found column.vm with loader org.apache.velocity.runtime.resource.loader.FileResourceLoader
2016-08-22 04:07:09,472 - ResourceManager : found mappingKind.vm with loader org.apache.velocity.runtime.resource.loader.FileResourceLoader
2016-08-22 04:07:09,472 - Velocimacro : VM addition rejected : append : inline not allowed to replace existing VM
2016-08-22 04:07:09,472 - Failed to add macro: #append(  members parameters ) : source = column.vm
2016-08-22 04:07:09,473 - ResourceManager : found column.vm with loader org.apache.velocity.runtime.resource.loader.FileResourceLoader
2016-08-22 04:07:09,474 - ResourceManager : found mappingKind.vm with loader org.apache.velocity.runtime.resource.loader.FileResourceLoader
2016-08-22 04:07:09,474 - Velocimacro : VM addition rejected : append : inline not allowed to replace existing VM
2016-08-22 04:07:09,475 - Failed to add macro: #append(  members parameters ) : source = column.vm
2016-08-22 04:07:09,476 - ResourceManager : found column.vm with loader org.apache.velocity.runtime.resource.loader.FileResourceLoader
2016-08-22 04:07:09,476 - ResourceManager : found mappingKind.vm with loader org.apache.velocity.runtime.resource.loader.FileResourceLoader
2016-08-22 04:07:09,477 - Velocimacro : VM addition rejected : append : inline not allowed to replace existing VM
2016-08-22 04:07:09,477 - Failed to add macro: #append(  members parameters ) : source = column.vm
2016-08-22 04:07:09,478 - ResourceManager : found column.vm with loader org.apache.velocity.runtime.resource.loader.FileResourceLoader
2016-08-22 04:07:09,479 - ResourceManager : found mappingKind.vm with loader org.apache.velocity.runtime.resource.loader.FileResourceLoader
2016-08-22 04:07:09,479 - Velocimacro : VM addition rejected : append : inline not allowed to replace existing VM
2016-08-22 04:07:09,479 - Failed to add macro: #append(  members parameters ) : source = column.vm
2016-08-22 04:07:09,480 - ResourceManager : found column.vm with loader org.apache.velocity.runtime.resource.loader.FileResourceLoader
2016-08-22 04:07:09,481 - ResourceManager : found mappingKind.vm with loader org.apache.velocity.runtime.resource.loader.FileResourceLoader
2016-08-22 04:07:09,481 - Velocimacro : VM addition rejected : append : inline not allowed to replace existing VM
2016-08-22 04:07:09,481 - Failed to add macro: #append(  members parameters ) : source = column.vm
2016-08-22 04:07:09,482 - ResourceManager : found column.vm with loader org.apache.velocity.runtime.resource.loader.FileResourceLoader
2016-08-22 04:07:09,483 - ResourceManager : found mappingKind.vm with loader org.apache.velocity.runtime.resource.loader.FileResourceLoader
2016-08-22 04:07:09,483 - Velocimacro : VM addition rejected : append : inline not allowed to replace existing VM
2016-08-22 04:07:09,483 - Failed to add macro: #append(  members parameters ) : source = column.vm
2016-08-22 04:07:09,484 - ResourceManager : found column.vm with loader org.apache.velocity.runtime.resource.loader.FileResourceLoader
2016-08-22 04:07:09,485 - ResourceManager : found mappingKind.vm with loader org.apache.velocity.runtime.resource.loader.FileResourceLoader
2016-08-22 04:07:09,485 - Velocimacro : VM addition rejected : append : inline not allowed to replace existing VM
2016-08-22 04:07:09,486 - Failed to add macro: #append(  members parameters ) : source = column.vm
2016-08-22 04:07:09,487 - ResourceManager : found column.vm with loader org.apache.velocity.runtime.resource.loader.FileResourceLoader
2016-08-22 04:07:09,489 - ResourceManager : found mappingKind.vm with loader org.apache.velocity.runtime.resource.loader.FileResourceLoader
2016-08-22 04:07:09,490 - Velocimacro : VM addition rejected : append : inline not allowed to replace existing VM
2016-08-22 04:07:09,490 - Failed to add macro: #append(  members parameters ) : source = column.vm
2016-08-22 04:07:09,491 - ResourceManager : found column.vm with loader org.apache.velocity.runtime.resource.loader.FileResourceLoader
2016-08-22 04:07:09,491 - ResourceManager : found mappingKind.vm with loader org.apache.velocity.runtime.resource.loader.FileResourceLoader
2016-08-22 04:07:09,492 - Velocimacro : VM addition rejected : append : inline not allowed to replace existing VM
2016-08-22 04:07:09,492 - Failed to add macro: #append(  members parameters ) : source = column.vm
2016-08-22 04:07:09,493 - ResourceManager : found column.vm with loader org.apache.velocity.runtime.resource.loader.FileResourceLoader
2016-08-22 04:07:09,493 - ResourceManager : found mappingKind.vm with loader org.apache.velocity.runtime.resource.loader.FileResourceLoader
2016-08-22 04:07:09,494 - Velocimacro : VM addition rejected : append : inline not allowed to replace existing VM
2016-08-22 04:07:09,494 - Failed to add macro: #append(  members parameters ) : source = column.vm
2016-08-22 04:07:09,494 - ResourceManager : found column.vm with loader org.apache.velocity.runtime.resource.loader.FileResourceLoader
2016-08-22 04:07:09,495 - ResourceManager : found mappingKind.vm with loader org.apache.velocity.runtime.resource.loader.FileResourceLoader
2016-08-22 04:07:09,495 - Velocimacro : VM addition rejected : append : inline not allowed to replace existing VM
2016-08-22 04:07:09,495 - Failed to add macro: #append(  members parameters ) : source = column.vm
2016-08-22 04:07:09,496 - ResourceManager : found column.vm with loader org.apache.velocity.runtime.resource.loader.FileResourceLoader
2016-08-22 04:07:09,497 - ResourceManager : found mappingKind.vm with loader org.apache.velocity.runtime.resource.loader.FileResourceLoader
2016-08-22 04:07:09,497 - Velocimacro : VM addition rejected : append : inline not allowed to replace existing VM
2016-08-22 04:07:09,497 - Failed to add macro: #append(  members parameters ) : source = column.vm
2016-08-22 04:07:09,498 - ResourceManager : found column.vm with loader org.apache.velocity.runtime.resource.loader.FileResourceLoader
2016-08-22 04:07:09,499 - ResourceManager : found mappingKind.vm with loader org.apache.velocity.runtime.resource.loader.FileResourceLoader
2016-08-22 04:07:09,499 - Velocimacro : VM addition rejected : append : inline not allowed to replace existing VM
2016-08-22 04:07:09,499 - Failed to add macro: #append(  members parameters ) : source = column.vm
2016-08-22 04:07:09,500 - ResourceManager : found column.vm with loader org.apache.velocity.runtime.resource.loader.FileResourceLoader
2016-08-22 04:07:09,502 - ResourceManager : found oneToMany.vm with loader org.apache.velocity.runtime.resource.loader.FileResourceLoader
2016-08-22 04:07:09,502 - ResourceManager : found manyToMany.vm with loader org.apache.velocity.runtime.resource.loader.FileResourceLoader
2016-08-22 04:07:09,503 - Velocimacro : added #joinColumn(  column referencedColumn ) : source = join.vm
2016-08-22 04:07:09,505 - ResourceManager : found join.vm with loader org.apache.velocity.runtime.resource.loader.FileResourceLoader
2016-08-22 04:07:09,507 - ResourceManager : found manyToOne.vm with loader org.apache.velocity.runtime.resource.loader.FileResourceLoader
2016-08-22 04:07:09,507 - Velocimacro : VM addition rejected : joinColumn : inline not allowed to replace existing VM
2016-08-22 04:07:09,507 - Failed to add macro: #joinColumn(  column referencedColumn ) : source = join.vm
2016-08-22 04:07:09,508 - ResourceManager : found join.vm with loader org.apache.velocity.runtime.resource.loader.FileResourceLoader
2016-08-22 04:07:09,512 - ResourceManager : found oneToManyMethods.vm with loader org.apache.velocity.runtime.resource.loader.FileResourceLoader
2016-08-22 04:07:09,534 - Log4JLogChute initialized using file 'velocity.log'
2016-08-22 04:07:09,534 - Starting Apache Velocity v1.5 (compiled: 2007-02-22 08:52:29)
2016-08-22 04:07:09,534 - Default Properties File: org\apache\velocity\runtime\defaults\velocity.properties
2016-08-22 04:07:09,534 - Trying to use logger class org.apache.velocity.runtime.log.AvalonLogChute
2016-08-22 04:07:09,535 - Couldn't find class org.apache.velocity.runtime.log.AvalonLogChute or necessary supporting classes in classpath.
java.lang.NoClassDefFoundError: org/apache/log/format/Formatter
	at java.lang.Class.forName0(Native Method)
	at java.lang.Class.forName(Unknown Source)
	at org.apache.velocity.util.ClassUtils.getClass(ClassUtils.java:63)
	at org.apache.velocity.util.ClassUtils.getNewInstance(ClassUtils.java:95)
	at org.apache.velocity.runtime.log.LogManager.createLogChute(LogManager.java:147)
	at org.apache.velocity.runtime.log.LogManager.updateLog(LogManager.java:208)
	at org.apache.velocity.runtime.RuntimeInstance.initializeLog(RuntimeInstance.java:728)
	at org.apache.velocity.runtime.RuntimeInstance.init(RuntimeInstance.java:240)
	at org.apache.velocity.runtime.RuntimeInstance.init(RuntimeInstance.java:534)
	at org.apache.velocity.app.VelocityEngine.init(VelocityEngine.java:144)
	at org.eclipse.jpt.jpa.gen.internal.PackageGenerator.generateClass(PackageGenerator.java:303)
	at org.eclipse.jpt.jpa.gen.internal.PackageGenerator.generateInternal(PackageGenerator.java:132)
	at org.eclipse.jpt.jpa.gen.internal.PackageGenerator.doGenerate(PackageGenerator.java:106)
	at org.eclipse.jpt.jpa.gen.internal.PackageGenerator.generate(PackageGenerator.java:82)
	at org.eclipse.jpt.jpa.ui.internal.wizards.gen.GenerateEntitiesFromSchemaWizard$GenerateEntitiesJob.runInWorkspace(GenerateEntitiesFromSchemaWizard.java:285)
	at org.eclipse.core.internal.resources.InternalWorkspaceJob.run(InternalWorkspaceJob.java:39)
	at org.eclipse.core.internal.jobs.Worker.run(Worker.java:55)
Caused by: java.lang.ClassNotFoundException: org.apache.log.format.Formatter cannot be found by org.apache.velocity_1.5.0.v200905192330
	at org.eclipse.osgi.internal.loader.BundleLoader.findClassInternal(BundleLoader.java:439)
	at org.eclipse.osgi.internal.loader.BundleLoader.findClass(BundleLoader.java:352)
	at org.eclipse.osgi.internal.loader.BundleLoader.findClass(BundleLoader.java:344)
	at org.eclipse.osgi.internal.loader.ModuleClassLoader.loadClass(ModuleClassLoader.java:160)
	at java.lang.ClassLoader.loadClass(Unknown Source)
	... 17 more
2016-08-22 04:07:09,535 - Trying to use logger class org.apache.velocity.runtime.log.Log4JLogChute
2016-08-22 04:07:09,535 - Using logger class org.apache.velocity.runtime.log.Log4JLogChute
2016-08-22 04:07:09,535 - Default ResourceManager initializing. (class org.apache.velocity.runtime.resource.ResourceManagerImpl)
2016-08-22 04:07:09,535 - ResourceLoader instantiated: org.apache.velocity.runtime.resource.loader.FileResourceLoader
2016-08-22 04:07:09,535 - Do unicode file recognition:  false
2016-08-22 04:07:09,535 - FileResourceLoader : adding path 'C:\Users\geoth_000\Downloads\eclipse-jee-mars-2-win32-x86_64\eclipse\configuration\org.eclipse.jpt.jpa.gen\templates\entities'
2016-08-22 04:07:09,535 - ResourceCache: initialized (class org.apache.velocity.runtime.resource.ResourceCacheImpl)
2016-08-22 04:07:09,536 - Loaded System Directive: org.apache.velocity.runtime.directive.Literal
2016-08-22 04:07:09,536 - Loaded System Directive: org.apache.velocity.runtime.directive.Macro
2016-08-22 04:07:09,536 - Loaded System Directive: org.apache.velocity.runtime.directive.Parse
2016-08-22 04:07:09,536 - Loaded System Directive: org.apache.velocity.runtime.directive.Include
2016-08-22 04:07:09,536 - Loaded System Directive: org.apache.velocity.runtime.directive.Foreach
2016-08-22 04:07:09,536 - Created '20' parsers.
2016-08-22 04:07:09,536 - Velocimacro : "velocimacro.library" is not set.  Trying default library: VM_global_library.vm
2016-08-22 04:07:09,537 - Velocimacro : Default library not found.
2016-08-22 04:07:09,537 - Velocimacro : allowInline = true : VMs can be defined inline in templates
2016-08-22 04:07:09,537 - Velocimacro : allowInlineToOverride = false : VMs defined inline may NOT replace previous VM definitions
2016-08-22 04:07:09,537 - Velocimacro : allowInlineLocal = false : VMs defined inline will be global in scope if allowed.
2016-08-22 04:07:09,537 - Velocimacro : autoload off : VM system will not automatically reload global library macros
2016-08-22 04:07:09,539 - ResourceManager : found main.java.vm with loader org.apache.velocity.runtime.resource.loader.FileResourceLoader
2016-08-22 04:07:09,541 - ResourceManager : found mappingKind.vm with loader org.apache.velocity.runtime.resource.loader.FileResourceLoader
2016-08-22 04:07:09,542 - Velocimacro : added #append(  members parameters ) : source = column.vm
source.loader.FileResourceLoader
2016-08-22 04:07:09,482 - ResourceManager : found column.vm with loader org.apache.velocity.runtime.resource.loader.FileResourceLoader
2016-08-22 04:07:09,483 - ResourceManager : found mappingKind.vm with loader org.apache.velocity.runtime.resource.loader.FileResourceLoader
2016-08-22 04:07:09,483 - ResourceManager : found mappingKind.vm with loader org.apache.velocity.runtime.resource.loader.FileResourceLoader
2016-08-22 04:07:09,483 - Velocimacro : VM addition rejected : append : inline not allowed to replace existing VM
2016-08-22 04:07:09,483 - Velocimacro : VM addition rejected : append : inline not allowed to replace existing VM
2016-08-22 04:07:09,483 - Failed to add macro: #append(  members parameters ) : source = column.vm
2016-08-22 04:07:09,483 - Failed to add macro: #append(  members parameters ) : source = column.vm
2016-08-22 04:07:09,484 - ResourceManager : found column.vm with loader org.apache.velocity.runtime.resource.loader.FileResourceLoader
2016-08-22 04:07:09,484 - ResourceManager : found column.vm with loader org.apache.velocity.runtime.resource.loader.FileResourceLoader
2016-08-22 04:07:09,485 - ResourceManager : found mappingKind.vm with loader org.apache.velocity.runtime.resource.loader.FileResourceLoader
2016-08-22 04:07:09,485 - ResourceManager : found mappingKind.vm with loader org.apache.velocity.runtime.resource.loader.FileResourceLoader
2016-08-22 04:07:09,485 - Velocimacro : VM addition rejected : append : inline not allowed to replace existing VM
2016-08-22 04:07:09,485 - Velocimacro : VM addition rejected : append : inline not allowed to replace existing VM
2016-08-22 04:07:09,486 - Failed to add macro: #append(  members parameters ) : source = column.vm
2016-08-22 04:07:09,486 - Failed to add macro: #append(  members parameters ) : source = column.vm
2016-08-22 04:07:09,487 - ResourceManager : found column.vm with loader org.apache.velocity.runtime.resource.loader.FileResourceLoader
2016-08-22 04:07:09,487 - ResourceManager : found column.vm with loader org.apache.velocity.runtime.resource.loader.FileResourceLoader
2016-08-22 04:07:09,489 - ResourceManager : found mappingKind.vm with loader org.apache.velocity.runtime.resource.loader.FileResourceLoader
2016-08-22 04:07:09,489 - ResourceManager : found mappingKind.vm with loader org.apache.velocity.runtime.resource.loader.FileResourceLoader
2016-08-22 04:07:09,490 - Velocimacro : VM addition rejected : append : inline not allowed to replace existing VM
2016-08-22 04:07:09,490 - Velocimacro : VM addition rejected : append : inline not allowed to replace existing VM
2016-08-22 04:07:09,490 - Failed to add macro: #append(  members parameters ) : source = column.vm
2016-08-22 04:07:09,490 - Failed to add macro: #append(  members parameters ) : source = column.vm
2016-08-22 04:07:09,491 - ResourceManager : found column.vm with loader org.apache.velocity.runtime.resource.loader.FileResourceLoader
2016-08-22 04:07:09,491 - ResourceManager : found column.vm with loader org.apache.velocity.runtime.resource.loader.FileResourceLoader
2016-08-22 04:07:09,491 - ResourceManager : found mappingKind.vm with loader org.apache.velocity.runtime.resource.loader.FileResourceLoader
2016-08-22 04:07:09,491 - ResourceManager : found mappingKind.vm with loader org.apache.velocity.runtime.resource.loader.FileResourceLoader
2016-08-22 04:07:09,492 - Velocimacro : VM addition rejected : append : inline not allowed to replace existing VM
2016-08-22 04:07:09,492 - Velocimacro : VM addition rejected : append : inline not allowed to replace existing VM
2016-08-22 04:07:09,492 - Failed to add macro: #append(  members parameters ) : source = column.vm
2016-08-22 04:07:09,492 - Failed to add macro: #append(  members parameters ) : source = column.vm
2016-08-22 04:07:09,493 - ResourceManager : found column.vm with loader org.apache.velocity.runtime.resource.loader.FileResourceLoader
2016-08-22 04:07:09,493 - ResourceManager : found column.vm with loader org.apache.velocity.runtime.resource.loader.FileResourceLoader
2016-08-22 04:07:09,493 - ResourceManager : found mappingKind.vm with loader org.apache.velocity.runtime.resource.loader.FileResourceLoader
2016-08-22 04:07:09,493 - ResourceManager : found mappingKind.vm with loader org.apache.velocity.runtime.resource.loader.FileResourceLoader
2016-08-22 04:07:09,494 - Velocimacro : VM addition rejected : append : inline not allowed to replace existing VM
2016-08-22 04:07:09,494 - Velocimacro : VM addition rejected : append : inline not allowed to replace existing VM
2016-08-22 04:07:09,494 - Failed to add macro: #append(  members parameters ) : source = column.vm
2016-08-22 04:07:09,494 - Failed to add macro: #append(  members parameters ) : source = column.vm
2016-08-22 04:07:09,494 - ResourceManager : found column.vm with loader org.apache.velocity.runtime.resource.loader.FileResourceLoader
2016-08-22 04:07:09,494 - ResourceManager : found column.vm with loader org.apache.velocity.runtime.resource.loader.FileResourceLoader
2016-08-22 04:07:09,495 - ResourceManager : found mappingKind.vm with loader org.apache.velocity.runtime.resource.loader.FileResourceLoader
2016-08-22 04:07:09,495 - ResourceManager : found mappingKind.vm with loader org.apache.velocity.runtime.resource.loader.FileResourceLoader
2016-08-22 04:07:09,495 - Velocimacro : VM addition rejected : append : inline not allowed to replace existing VM
2016-08-22 04:07:09,495 - Velocimacro : VM addition rejected : append : inline not allowed to replace existing VM
2016-08-22 04:07:09,495 - Failed to add macro: #append(  members parameters ) : source = column.vm
2016-08-22 04:07:09,495 - Failed to add macro: #append(  members parameters ) : source = column.vm
2016-08-22 04:07:09,496 - ResourceManager : found column.vm with loader org.apache.velocity.runtime.resource.loader.FileResourceLoader
2016-08-22 04:07:09,496 - ResourceManager : found column.vm with loader org.apache.velocity.runtime.resource.loader.FileResourceLoader
2016-08-22 04:07:09,497 - ResourceManager : found mappingKind.vm with loader org.apache.velocity.runtime.resource.loader.FileResourceLoader
2016-08-22 04:07:09,497 - ResourceManager : found mappingKind.vm with loader org.apache.velocity.runtime.resource.loader.FileResourceLoader
2016-08-22 04:07:09,497 - Velocimacro : VM addition rejected : append : inline not allowed to replace existing VM
2016-08-22 04:07:09,497 - Velocimacro : VM addition rejected : append : inline not allowed to replace existing VM
2016-08-22 04:07:09,497 - Failed to add macro: #append(  members parameters ) : source = column.vm
2016-08-22 04:07:09,497 - Failed to add macro: #append(  members parameters ) : source = column.vm
2016-08-22 04:07:09,498 - ResourceManager : found column.vm with loader org.apache.velocity.runtime.resource.loader.FileResourceLoader
2016-08-22 04:07:09,498 - ResourceManager : found column.vm with loader org.apache.velocity.runtime.resource.loader.FileResourceLoader
2016-08-22 04:07:09,499 - ResourceManager : found mappingKind.vm with loader org.apache.velocity.runtime.resource.loader.FileResourceLoader
2016-08-22 04:07:09,499 - ResourceManager : found mappingKind.vm with loader org.apache.velocity.runtime.resource.loader.FileResourceLoader
2016-08-22 04:07:09,499 - Velocimacro : VM addition rejected : append : inline not allowed to replace existing VM
2016-08-22 04:07:09,499 - Velocimacro : VM addition rejected : append : inline not allowed to replace existing VM
2016-08-22 04:07:09,499 - Failed to add macro: #append(  members parameters ) : source = column.vm
2016-08-22 04:07:09,499 - Failed to add macro: #append(  members parameters ) : source = column.vm
2016-08-22 04:07:09,500 - ResourceManager : found column.vm with loader org.apache.velocity.runtime.resource.loader.FileResourceLoader
2016-08-22 04:07:09,500 - ResourceManager : found column.vm with loader org.apache.velocity.runtime.resource.loader.FileResourceLoader
2016-08-22 04:07:09,502 - ResourceManager : found oneToMany.vm with loader org.apache.velocity.runtime.resource.loader.FileResourceLoader
2016-08-22 04:07:09,502 - ResourceManager : found oneToMany.vm with loader org.apache.velocity.runtime.resource.loader.FileResourceLoader
2016-08-22 04:07:09,502 - ResourceManager : found manyToMany.vm with loader org.apache.velocity.runtime.resource.loader.FileResourceLoader
2016-08-22 04:07:09,502 - ResourceManager : found manyToMany.vm with loader org.apache.velocity.runtime.resource.loader.FileResourceLoader
2016-08-22 04:07:09,503 - Velocimacro : added #joinColumn(  column referencedColumn ) : source = join.vm
2016-08-22 04:07:09,503 - Velocimacro : added #joinColumn(  column referencedColumn ) : source = join.vm
2016-08-22 04:07:09,505 - ResourceManager : found join.vm with loader org.apache.velocity.runtime.resource.loader.FileResourceLoader
2016-08-22 04:07:09,505 - ResourceManager : found join.vm with loader org.apache.velocity.runtime.resource.loader.FileResourceLoader
2016-08-22 04:07:09,507 - ResourceManager : found manyToOne.vm with loader org.apache.velocity.runtime.resource.loader.FileResourceLoader
2016-08-22 04:07:09,507 - ResourceManager : found manyToOne.vm with loader org.apache.velocity.runtime.resource.loader.FileResourceLoader
2016-08-22 04:07:09,507 - Velocimacro : VM addition rejected : joinColumn : inline not allowed to replace existing VM
2016-08-22 04:07:09,507 - Velocimacro : VM addition rejected : joinColumn : inline not allowed to replace existing VM
2016-08-22 04:07:09,507 - Failed to add macro: #joinColumn(  column referencedColumn ) : source = join.vm
2016-08-22 04:07:09,507 - Failed to add macro: #joinColumn(  column referencedColumn ) : source = join.vm
2016-08-22 04:07:09,508 - ResourceManager : found join.vm with loader org.apache.velocity.runtime.resource.loader.FileResourceLoader
2016-08-22 04:07:09,508 - ResourceManager : found join.vm with loader org.apache.velocity.runtime.resource.loader.FileResourceLoader
2016-08-22 04:07:09,512 - ResourceManager : found oneToManyMethods.vm with loader org.apache.velocity.runtime.resource.loader.FileResourceLoader
2016-08-22 04:07:09,512 - ResourceManager : found oneToManyMethods.vm with loader org.apache.velocity.runtime.resource.loader.FileResourceLoader
2016-08-22 04:07:09,534 - Log4JLogChute initialized using file 'velocity.log'
2016-08-22 04:07:09,534 - Log4JLogChute initialized using file 'velocity.log'
2016-08-22 04:07:09,534 - Log4JLogChute initialized using file 'velocity.log'
2016-08-22 04:07:09,534 - Starting Apache Velocity v1.5 (compiled: 2007-02-22 08:52:29)
2016-08-22 04:07:09,534 - Starting Apache Velocity v1.5 (compiled: 2007-02-22 08:52:29)
2016-08-22 04:07:09,534 - Starting Apache Velocity v1.5 (compiled: 2007-02-22 08:52:29)
2016-08-22 04:07:09,534 - Default Properties File: org\apache\velocity\runtime\defaults\velocity.properties
2016-08-22 04:07:09,534 - Default Properties File: org\apache\velocity\runtime\defaults\velocity.properties
2016-08-22 04:07:09,534 - Default Properties File: org\apache\velocity\runtime\defaults\velocity.properties
2016-08-22 04:07:09,534 - Trying to use logger class org.apache.velocity.runtime.log.AvalonLogChute
2016-08-22 04:07:09,534 - Trying to use logger class org.apache.velocity.runtime.log.AvalonLogChute
2016-08-22 04:07:09,534 - Trying to use logger class org.apache.velocity.runtime.log.AvalonLogChute
2016-08-22 04:07:09,535 - Couldn't find class org.apache.velocity.runtime.log.AvalonLogChute or necessary supporting classes in classpath.
java.lang.NoClassDefFoundError: org/apache/log/format/Formatter
	at java.lang.Class.forName0(Native Method)
	at java.lang.Class.forName(Unknown Source)
	at org.apache.velocity.util.ClassUtils.getClass(ClassUtils.java:63)
	at org.apache.velocity.util.ClassUtils.getNewInstance(ClassUtils.java:95)
	at org.apache.velocity.runtime.log.LogManager.createLogChute(LogManager.java:147)
	at org.apache.velocity.runtime.log.LogManager.updateLog(LogManager.java:208)
	at org.apache.velocity.runtime.RuntimeInstance.initializeLog(RuntimeInstance.java:728)
	at org.apache.velocity.runtime.RuntimeInstance.init(RuntimeInstance.java:240)
	at org.apache.velocity.runtime.RuntimeInstance.init(RuntimeInstance.java:534)
	at org.apache.velocity.app.VelocityEngine.init(VelocityEngine.java:144)
	at org.eclipse.jpt.jpa.gen.internal.PackageGenerator.generateClass(PackageGenerator.java:303)
	at org.eclipse.jpt.jpa.gen.internal.PackageGenerator.generateInternal(PackageGenerator.java:132)
	at org.eclipse.jpt.jpa.gen.internal.PackageGenerator.doGenerate(PackageGenerator.java:106)
	at org.eclipse.jpt.jpa.gen.internal.PackageGenerator.generate(PackageGenerator.java:82)
	at org.eclipse.jpt.jpa.ui.internal.wizards.gen.GenerateEntitiesFromSchemaWizard$GenerateEntitiesJob.runInWorkspace(GenerateEntitiesFromSchemaWizard.java:285)
	at org.eclipse.core.internal.resources.InternalWorkspaceJob.run(InternalWorkspaceJob.java:39)
	at org.eclipse.core.internal.jobs.Worker.run(Worker.java:55)
Caused by: java.lang.ClassNotFoundException: org.apache.log.format.Formatter cannot be found by org.apache.velocity_1.5.0.v200905192330
	at org.eclipse.osgi.internal.loader.BundleLoader.findClassInternal(BundleLoader.java:439)
	at org.eclipse.osgi.internal.loader.BundleLoader.findClass(BundleLoader.java:352)
	at org.eclipse.osgi.internal.loader.BundleLoader.findClass(BundleLoader.java:344)
	at org.eclipse.osgi.internal.loader.ModuleClassLoader.loadClass(ModuleClassLoader.java:160)
	at java.lang.ClassLoader.loadClass(Unknown Source)
	... 17 more
2016-08-22 04:07:09,535 - Couldn't find class org.apache.velocity.runtime.log.AvalonLogChute or necessary supporting classes in classpath.
java.lang.NoClassDefFoundError: org/apache/log/format/Formatter
	at java.lang.Class.forName0(Native Method)
	at java.lang.Class.forName(Unknown Source)
	at org.apache.velocity.util.ClassUtils.getClass(ClassUtils.java:63)
	at org.apache.velocity.util.ClassUtils.getNewInstance(ClassUtils.java:95)
	at org.apache.velocity.runtime.log.LogManager.createLogChute(LogManager.java:147)
	at org.apache.velocity.runtime.log.LogManager.updateLog(LogManager.java:208)
	at org.apache.velocity.runtime.RuntimeInstance.initializeLog(RuntimeInstance.java:728)
	at org.apache.velocity.runtime.RuntimeInstance.init(RuntimeInstance.java:240)
	at org.apache.velocity.runtime.RuntimeInstance.init(RuntimeInstance.java:534)
	at org.apache.velocity.app.VelocityEngine.init(VelocityEngine.java:144)
	at org.eclipse.jpt.jpa.gen.internal.PackageGenerator.generateClass(PackageGenerator.java:303)
	at org.eclipse.jpt.jpa.gen.internal.PackageGenerator.generateInternal(PackageGenerator.java:132)
	at org.eclipse.jpt.jpa.gen.internal.PackageGenerator.doGenerate(PackageGenerator.java:106)
	at org.eclipse.jpt.jpa.gen.internal.PackageGenerator.generate(PackageGenerator.java:82)
	at org.eclipse.jpt.jpa.ui.internal.wizards.gen.GenerateEntitiesFromSchemaWizard$GenerateEntitiesJob.runInWorkspace(GenerateEntitiesFromSchemaWizard.java:285)
	at org.eclipse.core.internal.resources.InternalWorkspaceJob.run(InternalWorkspaceJob.java:39)
	at org.eclipse.core.internal.jobs.Worker.run(Worker.java:55)
Caused by: java.lang.ClassNotFoundException: org.apache.log.format.Formatter cannot be found by org.apache.velocity_1.5.0.v200905192330
	at org.eclipse.osgi.internal.loader.BundleLoader.findClassInternal(BundleLoader.java:439)
	at org.eclipse.osgi.internal.loader.BundleLoader.findClass(BundleLoader.java:352)
	at org.eclipse.osgi.internal.loader.BundleLoader.findClass(BundleLoader.java:344)
	at org.eclipse.osgi.internal.loader.ModuleClassLoader.loadClass(ModuleClassLoader.java:160)
	at java.lang.ClassLoader.loadClass(Unknown Source)
	... 17 more
2016-08-22 04:07:09,535 - Couldn't find class org.apache.velocity.runtime.log.AvalonLogChute or necessary supporting classes in classpath.
java.lang.NoClassDefFoundError: org/apache/log/format/Formatter
	at java.lang.Class.forName0(Native Method)
	at java.lang.Class.forName(Unknown Source)
	at org.apache.velocity.util.ClassUtils.getClass(ClassUtils.java:63)
	at org.apache.velocity.util.ClassUtils.getNewInstance(ClassUtils.java:95)
	at org.apache.velocity.runtime.log.LogManager.createLogChute(LogManager.java:147)
	at org.apache.velocity.runtime.log.LogManager.updateLog(LogManager.java:208)
	at org.apache.velocity.runtime.RuntimeInstance.initializeLog(RuntimeInstance.java:728)
	at org.apache.velocity.runtime.RuntimeInstance.init(RuntimeInstance.java:240)
	at org.apache.velocity.runtime.RuntimeInstance.init(RuntimeInstance.java:534)
	at org.apache.velocity.app.VelocityEngine.init(VelocityEngine.java:144)
	at org.eclipse.jpt.jpa.gen.internal.PackageGenerator.generateClass(PackageGenerator.java:303)
	at org.eclipse.jpt.jpa.gen.internal.PackageGenerator.generateInternal(PackageGenerator.java:132)
	at org.eclipse.jpt.jpa.gen.internal.PackageGenerator.doGenerate(PackageGenerator.java:106)
	at org.eclipse.jpt.jpa.gen.internal.PackageGenerator.generate(PackageGenerator.java:82)
	at org.eclipse.jpt.jpa.ui.internal.wizards.gen.GenerateEntitiesFromSchemaWizard$GenerateEntitiesJob.runInWorkspace(GenerateEntitiesFromSchemaWizard.java:285)
	at org.eclipse.core.internal.resources.InternalWorkspaceJob.run(InternalWorkspaceJob.java:39)
	at org.eclipse.core.internal.jobs.Worker.run(Worker.java:55)
Caused by: java.lang.ClassNotFoundException: org.apache.log.format.Formatter cannot be found by org.apache.velocity_1.5.0.v200905192330
	at org.eclipse.osgi.internal.loader.BundleLoader.findClassInternal(BundleLoader.java:439)
	at org.eclipse.osgi.internal.loader.BundleLoader.findClass(BundleLoader.java:352)
	at org.eclipse.osgi.internal.loader.BundleLoader.findClass(BundleLoader.java:344)
	at org.eclipse.osgi.internal.loader.ModuleClassLoader.loadClass(ModuleClassLoader.java:160)
	at java.lang.ClassLoader.loadClass(Unknown Source)
	... 17 more
2016-08-22 04:07:09,535 - Trying to use logger class org.apache.velocity.runtime.log.Log4JLogChute
2016-08-22 04:07:09,535 - Trying to use logger class org.apache.velocity.runtime.log.Log4JLogChute
2016-08-22 04:07:09,535 - Trying to use logger class org.apache.velocity.runtime.log.Log4JLogChute
2016-08-22 04:07:09,535 - Using logger class org.apache.velocity.runtime.log.Log4JLogChute
2016-08-22 04:07:09,535 - Using logger class org.apache.velocity.runtime.log.Log4JLogChute
2016-08-22 04:07:09,535 - Using logger class org.apache.velocity.runtime.log.Log4JLogChute
2016-08-22 04:07:09,535 - Default ResourceManager initializing. (class org.apache.velocity.runtime.resource.ResourceManagerImpl)
2016-08-22 04:07:09,535 - Default ResourceManager initializing. (class org.apache.velocity.runtime.resource.ResourceManagerImpl)
2016-08-22 04:07:09,535 - Default ResourceManager initializing. (class org.apache.velocity.runtime.resource.ResourceManagerImpl)
2016-08-22 04:07:09,535 - ResourceLoader instantiated: org.apache.velocity.runtime.resource.loader.FileResourceLoader
2016-08-22 04:07:09,535 - ResourceLoader instantiated: org.apache.velocity.runtime.resource.loader.FileResourceLoader
2016-08-22 04:07:09,535 - ResourceLoader instantiated: org.apache.velocity.runtime.resource.loader.FileResourceLoader
2016-08-22 04:07:09,535 - Do unicode file recognition:  false
2016-08-22 04:07:09,535 - Do unicode file recognition:  false
2016-08-22 04:07:09,535 - Do unicode file recognition:  false
2016-08-22 04:07:09,535 - FileResourceLoader : adding path 'C:\Users\geoth_000\Downloads\eclipse-jee-mars-2-win32-x86_64\eclipse\configuration\org.eclipse.jpt.jpa.gen\templates\entities'
2016-08-22 04:07:09,535 - FileResourceLoader : adding path 'C:\Users\geoth_000\Downloads\eclipse-jee-mars-2-win32-x86_64\eclipse\configuration\org.eclipse.jpt.jpa.gen\templates\entities'
2016-08-22 04:07:09,535 - FileResourceLoader : adding path 'C:\Users\geoth_000\Downloads\eclipse-jee-mars-2-win32-x86_64\eclipse\configuration\org.eclipse.jpt.jpa.gen\templates\entities'
2016-08-22 04:07:09,535 - ResourceCache: initialized (class org.apache.velocity.runtime.resource.ResourceCacheImpl)
2016-08-22 04:07:09,535 - ResourceCache: initialized (class org.apache.velocity.runtime.resource.ResourceCacheImpl)
2016-08-22 04:07:09,535 - ResourceCache: initialized (class org.apache.velocity.runtime.resource.ResourceCacheImpl)
2016-08-22 04:07:09,536 - Loaded System Directive: org.apache.velocity.runtime.directive.Literal
2016-08-22 04:07:09,536 - Loaded System Directive: org.apache.velocity.runtime.directive.Literal
2016-08-22 04:07:09,536 - Loaded System Directive: org.apache.velocity.runtime.directive.Literal
2016-08-22 04:07:09,536 - Loaded System Directive: org.apache.velocity.runtime.directive.Macro
2016-08-22 04:07:09,536 - Loaded System Directive: org.apache.velocity.runtime.directive.Macro
2016-08-22 04:07:09,536 - Loaded System Directive: org.apache.velocity.runtime.directive.Macro
2016-08-22 04:07:09,536 - Loaded System Directive: org.apache.velocity.runtime.directive.Parse
2016-08-22 04:07:09,536 - Loaded System Directive: org.apache.velocity.runtime.directive.Parse
2016-08-22 04:07:09,536 - Loaded System Directive: org.apache.velocity.runtime.directive.Parse
2016-08-22 04:07:09,536 - Loaded System Directive: org.apache.velocity.runtime.directive.Include
2016-08-22 04:07:09,536 - Loaded System Directive: org.apache.velocity.runtime.directive.Include
2016-08-22 04:07:09,536 - Loaded System Directive: org.apache.velocity.runtime.directive.Include
2016-08-22 04:07:09,536 - Loaded System Directive: org.apache.velocity.runtime.directive.Foreach
2016-08-22 04:07:09,536 - Loaded System Directive: org.apache.velocity.runtime.directive.Foreach
2016-08-22 04:07:09,536 - Loaded System Directive: org.apache.velocity.runtime.directive.Foreach
2016-08-22 04:07:09,536 - Created '20' parsers.
2016-08-22 04:07:09,536 - Created '20' parsers.
2016-08-22 04:07:09,536 - Created '20' parsers.
2016-08-22 04:07:09,536 - Velocimacro : "velocimacro.library" is not set.  Trying default library: VM_global_library.vm
2016-08-22 04:07:09,536 - Velocimacro : "velocimacro.library" is not set.  Trying default library: VM_global_library.vm
2016-08-22 04:07:09,536 - Velocimacro : "velocimacro.library" is not set.  Trying default library: VM_global_library.vm
2016-08-22 04:07:09,537 - Velocimacro : Default library not found.
2016-08-22 04:07:09,537 - Velocimacro : Default library not found.
2016-08-22 04:07:09,537 - Velocimacro : Default library not found.
2016-08-22 04:07:09,537 - Velocimacro : allowInline = true : VMs can be defined inline in templates
2016-08-22 04:07:09,537 - Velocimacro : allowInline = true : VMs can be defined inline in templates
2016-08-22 04:07:09,537 - Velocimacro : allowInline = true : VMs can be defined inline in templates
2016-08-22 04:07:09,537 - Velocimacro : allowInlineToOverride = false : VMs defined inline may NOT replace previous VM definitions
2016-08-22 04:07:09,537 - Velocimacro : allowInlineToOverride = false : VMs defined inline may NOT replace previous VM definitions
2016-08-22 04:07:09,537 - Velocimacro : allowInlineToOverride = false : VMs defined inline may NOT replace previous VM definitions
2016-08-22 04:07:09,537 - Velocimacro : allowInlineLocal = false : VMs defined inline will be global in scope if allowed.
2016-08-22 04:07:09,537 - Velocimacro : allowInlineLocal = false : VMs defined inline will be global in scope if allowed.
2016-08-22 04:07:09,537 - Velocimacro : allowInlineLocal = false : VMs defined inline will be global in scope if allowed.
2016-08-22 04:07:09,537 - Velocimacro : autoload off : VM system will not automatically reload global library macros
2016-08-22 04:07:09,537 - Velocimacro : autoload off : VM system will not automatically reload global library macros
2016-08-22 04:07:09,537 - Velocimacro : autoload off : VM system will not automatically reload global library macros
2016-08-22 04:07:09,539 - ResourceManager : found main.java.vm with loader org.apache.velocity.runtime.resource.loader.FileResourceLoader
2016-08-22 04:07:09,539 - ResourceManager : found main.java.vm with loader org.apache.velocity.runtime.resource.loader.FileResourceLoader
2016-08-22 04:07:09,539 - ResourceManager : found main.java.vm with loader org.apache.velocity.runtime.resource.loader.FileResourceLoader
2016-08-22 04:07:09,541 - ResourceManager : found mappingKind.vm with loader org.apache.velocity.runtime.resource.loader.FileResourceLoader
2016-08-22 04:07:09,541 - ResourceManager : found mappingKind.vm with loader org.apache.velocity.runtime.resource.loader.FileResourceLoader
2016-08-22 04:07:09,541 - ResourceManager : found mappingKind.vm with loader org.apache.velocity.runtime.resource.loader.FileResourceLoader
2016-08-22 04:07:09,542 - Velocimacro : added #append(  members parameters ) : source = column.vm
2016-08-22 04:07:09,542 - Velocimacro : added #append(  members parameters ) : source = column.vm
2016-08-22 04:07:09,542 - Velocimacro : added #append(  members parameters ) : source = column.vm
2016-08-22 04:07:09,570 - ResourceManager : found column.vm with loader org.apache.velocity.runtime.resource.loader.FileResourceLoader
2016-08-22 04:07:09,570 - ResourceManager : found column.vm with loader org.apache.velocity.runtime.resource.loader.FileResourceLoader
2016-08-22 04:07:09,570 - ResourceManager : found column.vm with loader org.apache.velocity.runtime.resource.loader.FileResourceLoader
2016-08-22 04:07:09,572 - ResourceManager : found mappingKind.vm with loader org.apache.velocity.runtime.resource.loader.FileResourceLoader
2016-08-22 04:07:09,572 - ResourceManager : found mappingKind.vm with loader org.apache.velocity.runtime.resource.loader.FileResourceLoader
2016-08-22 04:07:09,572 - ResourceManager : found mappingKind.vm with loader org.apache.velocity.runtime.resource.loader.FileResourceLoader
2016-08-22 04:07:09,572 - Velocimacro : VM addition rejected : append : inline not allowed to replace existing VM
2016-08-22 04:07:09,572 - Velocimacro : VM addition rejected : append : inline not allowed to replace existing VM
2016-08-22 04:07:09,572 - Velocimacro : VM addition rejected : append : inline not allowed to replace existing VM
2016-08-22 04:07:09,573 - Failed to add macro: #append(  members parameters ) : source = column.vm
2016-08-22 04:07:09,573 - Failed to add macro: #append(  members parameters ) : source = column.vm
2016-08-22 04:07:09,573 - Failed to add macro: #append(  members parameters ) : source = column.vm
2016-08-22 04:07:09,574 - ResourceManager : found column.vm with loader org.apache.velocity.runtime.resource.loader.FileResourceLoader
2016-08-22 04:07:09,574 - ResourceManager : found column.vm with loader org.apache.velocity.runtime.resource.loader.FileResourceLoader
2016-08-22 04:07:09,574 - ResourceManager : found column.vm with loader org.apache.velocity.runtime.resource.loader.FileResourceLoader
2016-08-22 04:07:09,576 - ResourceManager : found mappingKind.vm with loader org.apache.velocity.runtime.resource.loader.FileResourceLoader
2016-08-22 04:07:09,577 - Velocimacro : VM addition rejected : append : inline not allowed to replace existing VM
2016-08-22 04:07:09,577 - Failed to add macro: #append(  members parameters ) : source = column.vm
2016-08-22 04:07:09,578 - ResourceManager : found column.vm with loader org.apache.velocity.runtime.resource.loader.FileResourceLoader
2016-08-22 04:07:09,579 - ResourceManager : found mappingKind.vm with loader org.apache.velocity.runtime.resource.loader.FileResourceLoader
2016-08-22 04:07:09,579 - Velocimacro : VM addition rejected : append : inline not allowed to replace existing VM
2016-08-22 04:07:09,579 - Failed to add macro: #append(  members parameters ) : source = column.vm
2016-08-22 04:07:09,580 - ResourceManager : found column.vm with loader org.apache.velocity.runtime.resource.loader.FileResourceLoader
2016-08-22 04:07:09,580 - ResourceManager : found mappingKind.vm with loader org.apache.velocity.runtime.resource.loader.FileResourceLoader
2016-08-22 04:07:09,581 - Velocimacro : VM addition rejected : append : inline not allowed to replace existing VM
2016-08-22 04:07:09,581 - Failed to add macro: #append(  members parameters ) : source = column.vm
2016-08-22 04:07:09,581 - ResourceManager : found column.vm with loader org.apache.velocity.runtime.resource.loader.FileResourceLoader
2016-08-22 04:07:09,582 - ResourceManager : found mappingKind.vm with loader org.apache.velocity.runtime.resource.loader.FileResourceLoader
2016-08-22 04:07:09,582 - Velocimacro : VM addition rejected : append : inline not allowed to replace existing VM
2016-08-22 04:07:09,582 - Failed to add macro: #append(  members parameters ) : source = column.vm
2016-08-22 04:07:09,583 - ResourceManager : found column.vm with loader org.apache.velocity.runtime.resource.loader.FileResourceLoader
2016-08-22 04:07:09,584 - ResourceManager : found mappingKind.vm with loader org.apache.velocity.runtime.resource.loader.FileResourceLoader
2016-08-22 04:07:09,584 - Velocimacro : VM addition rejected : append : inline not allowed to replace existing VM
2016-08-22 04:07:09,584 - Failed to add macro: #append(  members parameters ) : source = column.vm
2016-08-22 04:07:09,585 - ResourceManager : found column.vm with loader org.apache.velocity.runtime.resource.loader.FileResourceLoader
2016-08-22 04:07:09,586 - ResourceManager : found mappingKind.vm with loader org.apache.velocity.runtime.resource.loader.FileResourceLoader
2016-08-22 04:07:09,587 - Velocimacro : VM addition rejected : append : inline not allowed to replace existing VM
2016-08-22 04:07:09,587 - Failed to add macro: #append(  members parameters ) : source = column.vm
2016-08-22 04:07:09,589 - ResourceManager : found column.vm with loader org.apache.velocity.runtime.resource.loader.FileResourceLoader
2016-08-22 04:07:09,590 - ResourceManager : found mappingKind.vm with loader org.apache.velocity.runtime.resource.loader.FileResourceLoader
2016-08-22 04:07:09,590 - Velocimacro : VM addition rejected : append : inline not allowed to replace existing VM
2016-08-22 04:07:09,590 - Failed to add macro: #append(  members parameters ) : source = column.vm
2016-08-22 04:07:09,592 - ResourceManager : found column.vm with loader org.apache.velocity.runtime.resource.loader.FileResourceLoader
2016-08-22 04:07:09,592 - ResourceManager : found mappingKind.vm with loader org.apache.velocity.runtime.resource.loader.FileResourceLoader
2016-08-22 04:07:09,593 - Velocimacro : VM addition rejected : append : inline not allowed to replace existing VM
2016-08-22 04:07:09,593 - Failed to add macro: #append(  members parameters ) : source = column.vm
2016-08-22 04:07:09,594 - ResourceManager : found column.vm with loader org.apache.velocity.runtime.resource.loader.FileResourceLoader
2016-08-22 04:07:09,595 - ResourceManager : found mappingKind.vm with loader org.apache.velocity.runtime.resource.loader.FileResourceLoader
2016-08-22 04:07:09,595 - Velocimacro : VM addition rejected : append : inline not allowed to replace existing VM
2016-08-22 04:07:09,595 - Failed to add macro: #append(  members parameters ) : source = column.vm
2016-08-22 04:07:09,596 - ResourceManager : found column.vm with loader org.apache.velocity.runtime.resource.loader.FileResourceLoader
2016-08-22 04:07:09,597 - ResourceManager : found mappingKind.vm with loader org.apache.velocity.runtime.resource.loader.FileResourceLoader
2016-08-22 04:07:09,597 - Velocimacro : VM addition rejected : append : inline not allowed to replace existing VM
2016-08-22 04:07:09,597 - Failed to add macro: #append(  members parameters ) : source = column.vm
2016-08-22 04:07:09,598 - ResourceManager : found column.vm with loader org.apache.velocity.runtime.resource.loader.FileResourceLoader
2016-08-22 04:07:09,599 - ResourceManager : found mappingKind.vm with loader org.apache.velocity.runtime.resource.loader.FileResourceLoader
2016-08-22 04:07:09,599 - Velocimacro : VM addition rejected : append : inline not allowed to replace existing VM
2016-08-22 04:07:09,599 - Failed to add macro: #append(  members parameters ) : source = column.vm
2016-08-22 04:07:09,601 - ResourceManager : found column.vm with loader org.apache.velocity.runtime.resource.loader.FileResourceLoader
2016-08-22 04:07:09,601 - ResourceManager : found mappingKind.vm with loader org.apache.velocity.runtime.resource.loader.FileResourceLoader
2016-08-22 04:07:09,602 - Velocimacro : VM addition rejected : append : inline not allowed to replace existing VM
2016-08-22 04:07:09,602 - Failed to add macro: #append(  members parameters ) : source = column.vm
2016-08-22 04:07:09,604 - ResourceManager : found column.vm with loader org.apache.velocity.runtime.resource.loader.FileResourceLoader
2016-08-22 04:07:09,605 - ResourceManager : found oneToMany.vm with loader org.apache.velocity.runtime.resource.loader.FileResourceLoader
2016-08-22 04:07:09,606 - ResourceManager : found oneToMany.vm with loader org.apache.velocity.runtime.resource.loader.FileResourceLoader
2016-08-22 04:07:09,608 - ResourceManager : found oneToManyMethods.vm with loader org.apache.velocity.runtime.resource.loader.FileResourceLoader
2016-08-22 04:07:09,610 - ResourceManager : found oneToManyMethods.vm with loader org.apache.velocity.runtime.resource.loader.FileResourceLoader
